[2025-07-09 23:44:03] [INFO] Utils - [Utils] MethodGroupsHelper.collectMethodsByGroup() took 1 ms.
[2025-07-09 23:44:03] [INFO] Utils - [Utils] MethodGroupsHelper.sortMethods() took 2 ms.
[2025-07-09 23:44:03] [INFO] Utils - [Utils] MethodGroupsHelper.collectMethodsByGroup() took 0 ms.
[2025-07-09 23:44:03] [INFO] Utils - [Utils] MethodGroupsHelper.sortMethods() took 0 ms.
[2025-07-09 23:44:03] [INFO] Utils - [Utils] MethodGroupsHelper.collectMethodsByGroup() took 0 ms.
[2025-07-09 23:44:03] [INFO] Utils - [Utils] MethodGroupsHelper.sortMethods() took 0 ms.
[2025-07-09 23:44:03] [INFO] Utils - [Utils] MethodGroupsHelper.collectMethodsByGroup() took 0 ms.
[2025-07-09 23:44:03] [INFO] Utils - [Utils] MethodGroupsHelper.sortMethods() took 0 ms.
[2025-07-09 23:44:03] [INFO] Utils - [Utils] MethodGroupsHelper.collectMethodsByGroup() took 3 ms.
[2025-07-09 23:44:03] [INFO] Utils - [Utils] MethodGroupsHelper.sortMethods() took 12 ms.
[2025-07-09 23:44:03] [INFO] Utils - [Utils] MethodGroupsHelper.collectMethodsByGroup() took 0 ms.
[2025-07-09 23:44:03] [INFO] Utils - [Utils] MethodGroupsHelper.sortMethods() took 0 ms.
[2025-07-09 23:44:03] [INFO] Utils - [Utils] MethodGroupsHelper.collectMethodsByGroup() took 0 ms.
[2025-07-09 23:44:03] [INFO] Utils - [Utils] MethodGroupsHelper.sortMethods() took 0 ms.
[2025-07-09 23:44:03] [INFO] Utils - [Utils] MethodGroupsHelper.collectMethodsByGroup() took 0 ms.
[2025-07-09 23:44:03] [INFO] Utils - [Utils] MethodGroupsHelper.sortMethods() took 0 ms.
[2025-07-09 23:44:03] [INFO] Utils - [Utils] MethodGroupsHelper.collectMethodsByGroup() took 0 ms.
[2025-07-09 23:44:03] [INFO] Utils - [Utils] MethodGroupsHelper.sortMethods() took 0 ms.
[2025-07-09 23:44:03] [INFO] Utils - [Utils] MethodGroupsHelper.collectMethodsByGroup() took 0 ms.
[2025-07-09 23:44:03] [INFO] Utils - [Utils] MethodGroupsHelper.sortMethods() took 0 ms.
[2025-07-09 23:44:03] [INFO] Utils - [Utils] MethodGroupsHelper.collectMethodsByGroup() took 0 ms.
[2025-07-09 23:44:03] [INFO] Utils - [Utils] MethodGroupsHelper.sortMethods() took 0 ms.
[2025-07-09 23:44:03] [INFO] Utils - [Utils] MethodGroupsHelper.collectMethodsByGroup() took 0 ms.
[2025-07-09 23:44:03] [INFO] Utils - [Utils] MethodGroupsHelper.sortMethods() took 0 ms.
[2025-07-09 23:44:03] [INFO] Utils - [Utils] MethodGroupsHelper.collectMethodsByGroup() took 0 ms.
[2025-07-09 23:44:03] [INFO] Utils - [Utils] MethodGroupsHelper.sortMethods() took 8 ms.
[2025-07-09 23:44:03] [INFO] Utils - [Utils] MethodGroupsHelper.collectMethodsByGroup() took 0 ms.
[2025-07-09 23:44:03] [INFO] Utils - [Utils] MethodGroupsHelper.sortMethods() took 0 ms.
[2025-07-09 23:44:03] [INFO] Utils - [Utils] MethodGroupsHelper.collectMethodsByGroup() took 0 ms.
[2025-07-09 23:44:03] [INFO] Utils - [Utils] MethodGroupsHelper.sortMethods() took 0 ms.
[2025-07-09 23:44:03] [INFO] Utils - [TestNG] Running:
  C:\Users\Sumit\AppData\Local\Temp\testng-eclipse--18267217\testng-customsuite.xml

[2025-07-09 23:44:03] [INFO] Utils - [Utils] DynamicGraphHelper.createDynamicGraph() took 5 ms.
[2025-07-09 23:44:03] [INFO] UserPostTests - ===== Test Setup Complete =====
[2025-07-09 23:44:03] [INFO] UserPostTests - ********** Creating user with valid details  ***********
[2025-07-09 23:44:08] [INFO] UserPostTests - ********** user is created  ***********
[2025-07-09 23:44:08] [INFO] UserPostTests - ********** Creating user with duplicate email ***********
[2025-07-09 23:44:10] [INFO] UserPostTests - ********** Duplicate email creation test passed ***********
[2025-07-09 23:44:10] [INFO] UserPostTests - ********** Creating user with missing fields ***********
[2025-07-09 23:44:11] [INFO] UserPostTests - ********** Missing field creation test passed ***********
[2025-07-09 23:44:11] [INFO] UserPostTests - ********** Creating user with invalid email ***********
[2025-07-09 23:44:12] [INFO] UserPostTests - ********** Missing field creation test passed ***********
[2025-07-09 23:44:12] [INFO] UserPostTests - ********** Attempting to create user without auth token ***********
[2025-07-09 23:44:13] [INFO] UserPostTests - ********** Authorization check without token passed ***********
[2025-07-09 23:44:13] [INFO] UserPostTests - ******* Reading user info *********
[2025-07-09 23:44:14] [INFO] UserPostTests - ******* User info is displayed *********
[2025-07-09 23:44:14] [INFO] Utils - [TestNG] Time taken by org.testng.reporters.jq.Main@402676e3: 76 ms
[2025-07-09 23:44:14] [INFO] Utils - [TestNG] Time taken by org.testng.reporters.FailedReporter@1368e2f7: 1 ms
[2025-07-09 23:44:14] [INFO] Utils - [TestNG] Time taken by org.testng.reporters.XMLReporter@73ff7a54: 11 ms
[2025-07-09 23:44:15] [INFO] Utils - [TestNG] Time taken by org.testng.reporters.EmailableReporter2@53d15034: 8 ms
[2025-07-09 23:44:15] [INFO] Utils - [TestNG] Time taken by org.testng.reporters.JUnitReportReporter@30811f91: 7 ms
[2025-07-09 23:44:15] [INFO] Utils - [TestNG] Time taken by org.testng.internal.ExitCodeListener@3bf40c74: 0 ms
