[2025-07-10 00:01:16] [INFO] Utils - [Utils] MethodGroupsHelper.collectMethodsByGroup() took 0 ms.
[2025-07-10 00:01:16] [INFO] Utils - [Utils] MethodGroupsHelper.sortMethods() took 1 ms.
[2025-07-10 00:01:16] [INFO] Utils - [Utils] MethodGroupsHelper.collectMethodsByGroup() took 0 ms.
[2025-07-10 00:01:16] [INFO] Utils - [Utils] MethodGroupsHelper.sortMethods() took 0 ms.
[2025-07-10 00:01:16] [INFO] Utils - [Utils] MethodGroupsHelper.collectMethodsByGroup() took 0 ms.
[2025-07-10 00:01:16] [INFO] Utils - [Utils] MethodGroupsHelper.sortMethods() took 0 ms.
[2025-07-10 00:01:16] [INFO] Utils - [Utils] MethodGroupsHelper.collectMethodsByGroup() took 0 ms.
[2025-07-10 00:01:16] [INFO] Utils - [Utils] MethodGroupsHelper.sortMethods() took 0 ms.
[2025-07-10 00:01:16] [INFO] Utils - [Utils] MethodGroupsHelper.collectMethodsByGroup() took 4 ms.
[2025-07-10 00:01:16] [INFO] Utils - [Utils] MethodGroupsHelper.sortMethods() took 13 ms.
[2025-07-10 00:01:16] [INFO] Utils - [Utils] MethodGroupsHelper.collectMethodsByGroup() took 0 ms.
[2025-07-10 00:01:16] [INFO] Utils - [Utils] MethodGroupsHelper.sortMethods() took 0 ms.
[2025-07-10 00:01:16] [INFO] Utils - [Utils] MethodGroupsHelper.collectMethodsByGroup() took 0 ms.
[2025-07-10 00:01:16] [INFO] Utils - [Utils] MethodGroupsHelper.sortMethods() took 0 ms.
[2025-07-10 00:01:16] [INFO] Utils - [Utils] MethodGroupsHelper.collectMethodsByGroup() took 0 ms.
[2025-07-10 00:01:16] [INFO] Utils - [Utils] MethodGroupsHelper.sortMethods() took 0 ms.
[2025-07-10 00:01:16] [INFO] Utils - [Utils] MethodGroupsHelper.collectMethodsByGroup() took 0 ms.
[2025-07-10 00:01:16] [INFO] Utils - [Utils] MethodGroupsHelper.sortMethods() took 0 ms.
[2025-07-10 00:01:16] [INFO] Utils - [Utils] MethodGroupsHelper.collectMethodsByGroup() took 0 ms.
[2025-07-10 00:01:16] [INFO] Utils - [Utils] MethodGroupsHelper.sortMethods() took 0 ms.
[2025-07-10 00:01:16] [INFO] Utils - [Utils] MethodGroupsHelper.collectMethodsByGroup() took 0 ms.
[2025-07-10 00:01:16] [INFO] Utils - [Utils] MethodGroupsHelper.sortMethods() took 0 ms.
[2025-07-10 00:01:16] [INFO] Utils - [Utils] MethodGroupsHelper.collectMethodsByGroup() took 0 ms.
[2025-07-10 00:01:16] [INFO] Utils - [Utils] MethodGroupsHelper.sortMethods() took 0 ms.
[2025-07-10 00:01:16] [INFO] Utils - [Utils] MethodGroupsHelper.collectMethodsByGroup() took 0 ms.
[2025-07-10 00:01:16] [INFO] Utils - [Utils] MethodGroupsHelper.sortMethods() took 11 ms.
[2025-07-10 00:01:16] [INFO] Utils - [Utils] MethodGroupsHelper.collectMethodsByGroup() took 0 ms.
[2025-07-10 00:01:16] [INFO] Utils - [Utils] MethodGroupsHelper.sortMethods() took 0 ms.
[2025-07-10 00:01:16] [INFO] Utils - [Utils] MethodGroupsHelper.collectMethodsByGroup() took 0 ms.
[2025-07-10 00:01:16] [INFO] Utils - [Utils] MethodGroupsHelper.sortMethods() took 0 ms.
[2025-07-10 00:01:16] [INFO] Utils - [TestNG] Running:
  C:\Users\Sumit\AppData\Local\Temp\testng-eclipse--717504277\testng-customsuite.xml

[2025-07-10 00:01:16] [INFO] Utils - [Utils] DynamicGraphHelper.createDynamicGraph() took 4 ms.
[2025-07-10 00:01:16] [INFO] UserPostTests - ===== Test Setup Complete =====
[2025-07-10 00:01:16] [INFO] UserPostTests - ********** Creating user with valid details  ***********
[2025-07-10 00:01:19] [INFO] UserPostTests - ********** user is created  ***********
[2025-07-10 00:01:20] [INFO] UserPostTests - ********** Creating user with duplicate email ***********
[2025-07-10 00:01:21] [INFO] UserPostTests - ********** Duplicate email creation test passed ***********
[2025-07-10 00:01:21] [INFO] UserPostTests - ********** Creating user with missing fields ***********
[2025-07-10 00:01:22] [INFO] UserPostTests - ********** Missing field creation test passed ***********
[2025-07-10 00:01:22] [INFO] UserPostTests - ********** Creating user with invalid email ***********
[2025-07-10 00:01:24] [INFO] UserPostTests - ********** Missing field creation test passed ***********
[2025-07-10 00:01:24] [INFO] UserPostTests - ********** Attempting to create user without auth token ***********
[2025-07-10 00:01:25] [INFO] UserPostTests - ********** Authorization check without token passed ***********
[2025-07-10 00:01:25] [INFO] UserPostTests - ******* Reading user info *********
[2025-07-10 00:01:26] [INFO] UserPostTests - ******* User info is displayed *********
[2025-07-10 00:01:26] [INFO] UserPostTests - ********** Trying to get user with invalid/non-existent ID ***********
[2025-07-10 00:01:26] [INFO] UserPostTests - ********** Non-existent user fetch test passed ***********
[2025-07-10 00:01:26] [INFO] UserPostTests - ********** Trying to get user with invalid ID format ***********
[2025-07-10 00:01:28] [INFO] UserPostTests - ********** Invalid ID format fetch test passed ***********
[2025-07-10 00:01:28] [INFO] Utils - [TestNG] Time taken by org.testng.reporters.jq.Main@2db6ba81: 113 ms
[2025-07-10 00:01:28] [INFO] Utils - [TestNG] Time taken by org.testng.reporters.FailedReporter@16fb9fdd: 1 ms
[2025-07-10 00:01:28] [INFO] Utils - [TestNG] Time taken by org.testng.reporters.XMLReporter@72641613: 15 ms
[2025-07-10 00:01:28] [INFO] Utils - [TestNG] Time taken by org.testng.reporters.EmailableReporter2@2979c6ef: 9 ms
[2025-07-10 00:01:28] [INFO] Utils - [TestNG] Time taken by org.testng.reporters.JUnitReportReporter@8c34631: 7 ms
[2025-07-10 00:01:28] [INFO] Utils - [TestNG] Time taken by org.testng.internal.ExitCodeListener@33563147: 0 ms
