[2025-07-09 22:19:58] [INFO] Utils - [Utils] MethodGroupsHelper.collectMethodsByGroup() took 1 ms.
[2025-07-09 22:19:58] [INFO] Utils - [Utils] MethodGroupsHelper.sortMethods() took 0 ms.
[2025-07-09 22:19:58] [INFO] Utils - [Utils] MethodGroupsHelper.collectMethodsByGroup() took 0 ms.
[2025-07-09 22:19:58] [INFO] Utils - [Utils] MethodGroupsHelper.sortMethods() took 0 ms.
[2025-07-09 22:19:58] [INFO] Utils - [Utils] MethodGroupsHelper.collectMethodsByGroup() took 0 ms.
[2025-07-09 22:19:58] [INFO] Utils - [Utils] MethodGroupsHelper.sortMethods() took 0 ms.
[2025-07-09 22:19:58] [INFO] Utils - [Utils] MethodGroupsHelper.collectMethodsByGroup() took 0 ms.
[2025-07-09 22:19:58] [INFO] Utils - [Utils] MethodGroupsHelper.sortMethods() took 0 ms.
[2025-07-09 22:19:58] [INFO] Utils - [Utils] MethodGroupsHelper.collectMethodsByGroup() took 3 ms.
[2025-07-09 22:19:59] [INFO] Utils - [Utils] MethodGroupsHelper.sortMethods() took 7 ms.
[2025-07-09 22:19:59] [INFO] Utils - [Utils] MethodGroupsHelper.collectMethodsByGroup() took 0 ms.
[2025-07-09 22:19:59] [INFO] Utils - [Utils] MethodGroupsHelper.sortMethods() took 0 ms.
[2025-07-09 22:19:59] [INFO] Utils - [Utils] MethodGroupsHelper.collectMethodsByGroup() took 0 ms.
[2025-07-09 22:19:59] [INFO] Utils - [Utils] MethodGroupsHelper.sortMethods() took 0 ms.
[2025-07-09 22:19:59] [INFO] Utils - [Utils] MethodGroupsHelper.collectMethodsByGroup() took 0 ms.
[2025-07-09 22:19:59] [INFO] Utils - [Utils] MethodGroupsHelper.sortMethods() took 0 ms.
[2025-07-09 22:19:59] [INFO] Utils - [Utils] MethodGroupsHelper.collectMethodsByGroup() took 0 ms.
[2025-07-09 22:19:59] [INFO] Utils - [Utils] MethodGroupsHelper.sortMethods() took 0 ms.
[2025-07-09 22:19:59] [INFO] Utils - [Utils] MethodGroupsHelper.collectMethodsByGroup() took 0 ms.
[2025-07-09 22:19:59] [INFO] Utils - [Utils] MethodGroupsHelper.sortMethods() took 0 ms.
[2025-07-09 22:19:59] [INFO] Utils - [Utils] MethodGroupsHelper.collectMethodsByGroup() took 0 ms.
[2025-07-09 22:19:59] [INFO] Utils - [Utils] MethodGroupsHelper.sortMethods() took 0 ms.
[2025-07-09 22:19:59] [INFO] Utils - [Utils] MethodGroupsHelper.collectMethodsByGroup() took 0 ms.
[2025-07-09 22:19:59] [INFO] Utils - [Utils] MethodGroupsHelper.sortMethods() took 0 ms.
[2025-07-09 22:19:59] [INFO] Utils - [Utils] MethodGroupsHelper.collectMethodsByGroup() took 1 ms.
[2025-07-09 22:19:59] [INFO] Utils - [Utils] MethodGroupsHelper.sortMethods() took 4 ms.
[2025-07-09 22:19:59] [INFO] Utils - [Utils] MethodGroupsHelper.collectMethodsByGroup() took 0 ms.
[2025-07-09 22:19:59] [INFO] Utils - [Utils] MethodGroupsHelper.sortMethods() took 0 ms.
[2025-07-09 22:19:59] [INFO] Utils - [Utils] MethodGroupsHelper.collectMethodsByGroup() took 0 ms.
[2025-07-09 22:19:59] [INFO] Utils - [Utils] MethodGroupsHelper.sortMethods() took 0 ms.
[2025-07-09 22:19:59] [INFO] Utils - [TestNG] Running:
  C:\Users\Sumit\AppData\Local\Temp\testng-eclipse-1417226070\testng-customsuite.xml

[2025-07-09 22:19:59] [INFO] Utils - [Utils] DynamicGraphHelper.createDynamicGraph() took 4 ms.
[2025-07-09 22:19:59] [INFO] UserPostTests - ===== Test Setup Complete =====
[2025-07-09 22:19:59] [INFO] UserPostTests - ********** Creating user with valid details  ***********
[2025-07-09 22:20:02] [INFO] UserPostTests - ********** user is created  ***********
[2025-07-09 22:20:02] [INFO] UserPostTests - ********** Creating user with duplicate email ***********
[2025-07-09 22:20:05] [INFO] UserPostTests - ********** Duplicate email creation test passed ***********
[2025-07-09 22:20:05] [INFO] UserPostTests - ********** Creating user with missing fields ***********
[2025-07-09 22:20:06] [INFO] UserPostTests - ********** Duplicate email creation test passed ***********
[2025-07-09 22:20:06] [INFO] Utils - [TestNG] Time taken by org.testng.reporters.jq.Main@446a5aa5: 86 ms
[2025-07-09 22:20:06] [INFO] Utils - [TestNG] Time taken by org.testng.reporters.FailedReporter@4b76251c: 1 ms
[2025-07-09 22:20:06] [INFO] Utils - [TestNG] Time taken by org.testng.reporters.XMLReporter@3a5e4f32: 12 ms
[2025-07-09 22:20:06] [INFO] Utils - [TestNG] Time taken by org.testng.reporters.EmailableReporter2@3d8fd373: 8 ms
[2025-07-09 22:20:06] [INFO] Utils - [TestNG] Time taken by org.testng.reporters.JUnitReportReporter@1b994617: 7 ms
[2025-07-09 22:20:06] [INFO] Utils - [TestNG] Time taken by org.testng.internal.ExitCodeListener@807c1e8: 0 ms
