[2025-07-09 22:14:41] [INFO] Utils - [Utils] MethodGroupsHelper.collectMethodsByGroup() took 1 ms.
[2025-07-09 22:14:41] [INFO] Utils - [Utils] MethodGroupsHelper.sortMethods() took 1 ms.
[2025-07-09 22:14:41] [INFO] Utils - [Utils] MethodGroupsHelper.collectMethodsByGroup() took 0 ms.
[2025-07-09 22:14:41] [INFO] Utils - [Utils] MethodGroupsHelper.sortMethods() took 0 ms.
[2025-07-09 22:14:41] [INFO] Utils - [Utils] MethodGroupsHelper.collectMethodsByGroup() took 0 ms.
[2025-07-09 22:14:41] [INFO] Utils - [Utils] MethodGroupsHelper.sortMethods() took 0 ms.
[2025-07-09 22:14:41] [INFO] Utils - [Utils] MethodGroupsHelper.collectMethodsByGroup() took 0 ms.
[2025-07-09 22:14:41] [INFO] Utils - [Utils] MethodGroupsHelper.sortMethods() took 0 ms.
[2025-07-09 22:14:41] [INFO] Utils - [Utils] MethodGroupsHelper.collectMethodsByGroup() took 4 ms.
[2025-07-09 22:14:41] [INFO] Utils - [Utils] MethodGroupsHelper.sortMethods() took 14 ms.
[2025-07-09 22:14:41] [INFO] Utils - [Utils] MethodGroupsHelper.collectMethodsByGroup() took 0 ms.
[2025-07-09 22:14:41] [INFO] Utils - [Utils] MethodGroupsHelper.sortMethods() took 0 ms.
[2025-07-09 22:14:41] [INFO] Utils - [Utils] MethodGroupsHelper.collectMethodsByGroup() took 0 ms.
[2025-07-09 22:14:41] [INFO] Utils - [Utils] MethodGroupsHelper.sortMethods() took 0 ms.
[2025-07-09 22:14:41] [INFO] Utils - [Utils] MethodGroupsHelper.collectMethodsByGroup() took 0 ms.
[2025-07-09 22:14:41] [INFO] Utils - [Utils] MethodGroupsHelper.sortMethods() took 0 ms.
[2025-07-09 22:14:41] [INFO] Utils - [Utils] MethodGroupsHelper.collectMethodsByGroup() took 0 ms.
[2025-07-09 22:14:41] [INFO] Utils - [Utils] MethodGroupsHelper.sortMethods() took 0 ms.
[2025-07-09 22:14:41] [INFO] Utils - [Utils] MethodGroupsHelper.collectMethodsByGroup() took 0 ms.
[2025-07-09 22:14:41] [INFO] Utils - [Utils] MethodGroupsHelper.sortMethods() took 0 ms.
[2025-07-09 22:14:41] [INFO] Utils - [Utils] MethodGroupsHelper.collectMethodsByGroup() took 0 ms.
[2025-07-09 22:14:41] [INFO] Utils - [Utils] MethodGroupsHelper.sortMethods() took 0 ms.
[2025-07-09 22:14:41] [INFO] Utils - [Utils] MethodGroupsHelper.collectMethodsByGroup() took 0 ms.
[2025-07-09 22:14:41] [INFO] Utils - [Utils] MethodGroupsHelper.sortMethods() took 0 ms.
[2025-07-09 22:14:41] [INFO] Utils - [Utils] MethodGroupsHelper.collectMethodsByGroup() took 0 ms.
[2025-07-09 22:14:41] [INFO] Utils - [Utils] MethodGroupsHelper.sortMethods() took 6 ms.
[2025-07-09 22:14:41] [INFO] Utils - [Utils] MethodGroupsHelper.collectMethodsByGroup() took 0 ms.
[2025-07-09 22:14:41] [INFO] Utils - [Utils] MethodGroupsHelper.sortMethods() took 0 ms.
[2025-07-09 22:14:41] [INFO] Utils - [Utils] MethodGroupsHelper.collectMethodsByGroup() took 0 ms.
[2025-07-09 22:14:41] [INFO] Utils - [Utils] MethodGroupsHelper.sortMethods() took 0 ms.
[2025-07-09 22:14:41] [INFO] Utils - [TestNG] Running:
  C:\Users\Sumit\AppData\Local\Temp\testng-eclipse-1696342522\testng-customsuite.xml

[2025-07-09 22:14:42] [INFO] Utils - [Utils] DynamicGraphHelper.createDynamicGraph() took 3 ms.
[2025-07-09 22:14:42] [INFO] UserPostTests - ===== Test Setup Complete =====
[2025-07-09 22:14:42] [INFO] UserPostTests - ********** Creating user with valid details  ***********
[2025-07-09 22:14:45] [INFO] UserPostTests - ********** user is created  ***********
[2025-07-09 22:14:46] [INFO] UserPostTests - ********** Creating user with duplicate email ***********
[2025-07-09 22:14:47] [INFO] Utils - [TestNG] Time taken by org.testng.reporters.jq.Main@46748b04: 75 ms
[2025-07-09 22:14:47] [INFO] Utils - [TestNG] Time taken by org.testng.reporters.FailedReporter@7845ee8a: 20 ms
[2025-07-09 22:14:47] [INFO] Utils - [TestNG] Time taken by org.testng.reporters.XMLReporter@33e8694b: 14 ms
[2025-07-09 22:14:47] [INFO] Utils - [TestNG] Time taken by org.testng.reporters.EmailableReporter2@7affee54: 12 ms
[2025-07-09 22:14:47] [INFO] Utils - [TestNG] Time taken by org.testng.reporters.JUnitReportReporter@5bba9949: 11 ms
[2025-07-09 22:14:47] [INFO] Utils - [TestNG] Time taken by org.testng.internal.ExitCodeListener@147059f8: 0 ms
