[2025-07-10 19:03:41] [INFO] Utils - [TestNG] Running:
  C:\Users\Sumit\eclipse-workspace\ReqresAPIAutomation\testng.xml

[2025-07-10 19:03:41] [INFO] UserCreateTests - ********** Creating user with valid details  ***********
[2025-07-10 19:03:47] [INFO] UserCreateTests - ********** user is created  ***********
[2025-07-10 19:03:48] [INFO] UserCreateTests - ********** Creating user with duplicate email ***********
[2025-07-10 19:03:50] [INFO] UserCreateTests - ********** Duplicate email creation test passed ***********
[2025-07-10 19:03:50] [INFO] UserCreateTests - ********** Creating user with missing fields ***********
[2025-07-10 19:03:52] [INFO] UserCreateTests - ********** Missing field creation test passed ***********
[2025-07-10 19:03:52] [INFO] UserCreateTests - ********** Creating user with invalid email ***********
[2025-07-10 19:03:52] [INFO] UserCreateTests - ********** Missing field creation test passed ***********
[2025-07-10 19:03:52] [INFO] UserCreateTests - ********** Attempting to create user without auth token ***********
[2025-07-10 19:03:54] [INFO] UserCreateTests - ********** Authorization check without token passed ***********
[2025-07-10 19:03:54] [INFO] UserCreateTests - ********** Creating user with a very long name (>255 chars) ***********
[2025-07-10 19:03:55] [INFO] UserCreateTests - ********** Long name validation test passed ***********
[2025-07-10 19:03:55] [INFO] UserReadTests - ******* Reading user info *********
[2025-07-10 19:03:56] [INFO] UserReadTests - ********** Trying to get user with invalid/non-existent ID ***********
[2025-07-10 19:03:58] [INFO] UserReadTests - ********** Non-existent user fetch test passed ***********
[2025-07-10 19:03:58] [INFO] UserReadTests - ********** Trying to get user with invalid ID format ***********
[2025-07-10 19:03:59] [INFO] UserReadTests - ********** Invalid ID format fetch test passed ***********
[2025-07-10 19:03:59] [INFO] UserUpdateTests - ********** Updating user name and status ***********
[2025-07-10 19:04:00] [INFO] UserUpdateTests - ********** Trying to update user with invalid ID ***********
[2025-07-10 19:04:01] [INFO] UserUpdateTests - ********** Update user with invalid ID test passed ***********
[2025-07-10 19:04:01] [INFO] UserDeleteTests - ********** Deleting user with valid ID ***********
[2025-07-10 19:04:02] [INFO] UserDeleteTests - ********** Trying to delete user with invalid ID ***********
[2025-07-10 19:04:03] [INFO] UserDeleteTests - ********** Delete user with invalid ID test passed ***********
