[2025-07-10 00:23:31] [INFO] Utils - [Utils] MethodGroupsHelper.collectMethodsByGroup() took 1 ms.
[2025-07-10 00:23:31] [INFO] Utils - [Utils] MethodGroupsHelper.sortMethods() took 2 ms.
[2025-07-10 00:23:31] [INFO] Utils - [Utils] MethodGroupsHelper.collectMethodsByGroup() took 0 ms.
[2025-07-10 00:23:31] [INFO] Utils - [Utils] MethodGroupsHelper.sortMethods() took 0 ms.
[2025-07-10 00:23:31] [INFO] Utils - [Utils] MethodGroupsHelper.collectMethodsByGroup() took 0 ms.
[2025-07-10 00:23:31] [INFO] Utils - [Utils] MethodGroupsHelper.sortMethods() took 0 ms.
[2025-07-10 00:23:31] [INFO] Utils - [Utils] MethodGroupsHelper.collectMethodsByGroup() took 0 ms.
[2025-07-10 00:23:31] [INFO] Utils - [Utils] MethodGroupsHelper.sortMethods() took 0 ms.
[2025-07-10 00:23:31] [INFO] Utils - [Utils] MethodGroupsHelper.collectMethodsByGroup() took 2 ms.
[2025-07-10 00:23:31] [INFO] Utils - [Utils] MethodGroupsHelper.sortMethods() took 12 ms.
[2025-07-10 00:23:31] [INFO] Utils - [Utils] MethodGroupsHelper.collectMethodsByGroup() took 0 ms.
[2025-07-10 00:23:31] [INFO] Utils - [Utils] MethodGroupsHelper.sortMethods() took 0 ms.
[2025-07-10 00:23:31] [INFO] Utils - [Utils] MethodGroupsHelper.collectMethodsByGroup() took 0 ms.
[2025-07-10 00:23:31] [INFO] Utils - [Utils] MethodGroupsHelper.sortMethods() took 0 ms.
[2025-07-10 00:23:31] [INFO] Utils - [Utils] MethodGroupsHelper.collectMethodsByGroup() took 0 ms.
[2025-07-10 00:23:31] [INFO] Utils - [Utils] MethodGroupsHelper.sortMethods() took 0 ms.
[2025-07-10 00:23:31] [INFO] Utils - [Utils] MethodGroupsHelper.collectMethodsByGroup() took 0 ms.
[2025-07-10 00:23:31] [INFO] Utils - [Utils] MethodGroupsHelper.sortMethods() took 0 ms.
[2025-07-10 00:23:31] [INFO] Utils - [Utils] MethodGroupsHelper.collectMethodsByGroup() took 0 ms.
[2025-07-10 00:23:31] [INFO] Utils - [Utils] MethodGroupsHelper.sortMethods() took 0 ms.
[2025-07-10 00:23:31] [INFO] Utils - [Utils] MethodGroupsHelper.collectMethodsByGroup() took 0 ms.
[2025-07-10 00:23:31] [INFO] Utils - [Utils] MethodGroupsHelper.sortMethods() took 0 ms.
[2025-07-10 00:23:31] [INFO] Utils - [Utils] MethodGroupsHelper.collectMethodsByGroup() took 0 ms.
[2025-07-10 00:23:31] [INFO] Utils - [Utils] MethodGroupsHelper.sortMethods() took 0 ms.
[2025-07-10 00:23:31] [INFO] Utils - [Utils] MethodGroupsHelper.collectMethodsByGroup() took 2 ms.
[2025-07-10 00:23:31] [INFO] Utils - [Utils] MethodGroupsHelper.sortMethods() took 14 ms.
[2025-07-10 00:23:31] [INFO] Utils - [Utils] MethodGroupsHelper.collectMethodsByGroup() took 0 ms.
[2025-07-10 00:23:31] [INFO] Utils - [Utils] MethodGroupsHelper.sortMethods() took 0 ms.
[2025-07-10 00:23:31] [INFO] Utils - [Utils] MethodGroupsHelper.collectMethodsByGroup() took 0 ms.
[2025-07-10 00:23:31] [INFO] Utils - [Utils] MethodGroupsHelper.sortMethods() took 0 ms.
[2025-07-10 00:23:31] [INFO] Utils - [TestNG] Running:
  C:\Users\Sumit\AppData\Local\Temp\testng-eclipse--754890626\testng-customsuite.xml

[2025-07-10 00:23:31] [INFO] Utils - [Utils] DynamicGraphHelper.createDynamicGraph() took 6 ms.
[2025-07-10 00:23:31] [INFO] UserPostTests - ===== Test Setup Complete =====
[2025-07-10 00:23:31] [INFO] UserPostTests - ********** Creating user with valid details  ***********
[2025-07-10 00:23:34] [INFO] UserPostTests - ********** user is created  ***********
[2025-07-10 00:23:34] [INFO] UserPostTests - ********** Creating user with duplicate email ***********
[2025-07-10 00:23:35] [INFO] UserPostTests - ********** Duplicate email creation test passed ***********
[2025-07-10 00:23:35] [INFO] UserPostTests - ********** Creating user with missing fields ***********
[2025-07-10 00:23:36] [INFO] UserPostTests - ********** Missing field creation test passed ***********
[2025-07-10 00:23:36] [INFO] UserPostTests - ********** Creating user with invalid email ***********
[2025-07-10 00:23:37] [INFO] UserPostTests - ********** Missing field creation test passed ***********
[2025-07-10 00:23:37] [INFO] UserPostTests - ********** Attempting to create user without auth token ***********
[2025-07-10 00:23:38] [INFO] UserPostTests - ********** Authorization check without token passed ***********
[2025-07-10 00:23:38] [INFO] UserPostTests - ******* Reading user info *********
[2025-07-10 00:23:38] [INFO] UserPostTests - ******* User info is displayed *********
[2025-07-10 00:23:38] [INFO] UserPostTests - ********** Trying to get user with invalid/non-existent ID ***********
[2025-07-10 00:23:39] [INFO] UserPostTests - ********** Non-existent user fetch test passed ***********
[2025-07-10 00:23:39] [INFO] UserPostTests - ********** Trying to get user with invalid ID format ***********
[2025-07-10 00:23:40] [INFO] UserPostTests - ********** Invalid ID format fetch test passed ***********
[2025-07-10 00:23:40] [INFO] UserPostTests - ********** Updating user name and status ***********
[2025-07-10 00:23:41] [INFO] UserPostTests - ********** User name and status update test passed ***********
[2025-07-10 00:23:41] [INFO] UserPostTests - ********** Trying to update user with invalid ID ***********
[2025-07-10 00:23:42] [INFO] UserPostTests - ********** Update user with invalid ID test passed ***********
[2025-07-10 00:23:42] [INFO] UserPostTests - ********** Deleting user with valid ID ***********
[2025-07-10 00:23:43] [INFO] UserPostTests - ********** User deleted successfully ***********
[2025-07-10 00:23:43] [INFO] UserPostTests - ********** Trying to delete an already deleted user ***********
[2025-07-10 00:23:43] [INFO] UserPostTests - ********** Delete already deleted user test passed ***********
[2025-07-10 00:23:43] [INFO] UserPostTests - ********** Trying to delete user with invalid ID ***********
[2025-07-10 00:23:44] [INFO] UserPostTests - ********** Delete user with invalid ID test passed ***********
[2025-07-10 00:23:44] [INFO] UserPostTests - ********** Creating user with a very long name (>255 chars) ***********
[2025-07-10 00:23:45] [INFO] UserPostTests - ********** Long name validation test passed ***********
[2025-07-10 00:23:45] [INFO] Utils - [TestNG] Time taken by org.testng.reporters.jq.Main@28d7bd6b: 76 ms
[2025-07-10 00:23:45] [INFO] Utils - [TestNG] Time taken by org.testng.reporters.FailedReporter@f472245: 2 ms
[2025-07-10 00:23:45] [INFO] Utils - [TestNG] Time taken by org.testng.reporters.XMLReporter@7fdabb3b: 13 ms
[2025-07-10 00:23:45] [INFO] Utils - [TestNG] Time taken by org.testng.reporters.EmailableReporter2@55d8f6bb: 7 ms
[2025-07-10 00:23:45] [INFO] Utils - [TestNG] Time taken by org.testng.reporters.JUnitReportReporter@29bf90fc: 9 ms
[2025-07-10 00:23:45] [INFO] Utils - [TestNG] Time taken by org.testng.internal.ExitCodeListener@6e22d6bf: 1 ms
