[2025-07-10 00:03:36] [INFO] Utils - [Utils] MethodGroupsHelper.collectMethodsByGroup() took 1 ms.
[2025-07-10 00:03:36] [INFO] Utils - [Utils] MethodGroupsHelper.sortMethods() took 2 ms.
[2025-07-10 00:03:36] [INFO] Utils - [Utils] MethodGroupsHelper.collectMethodsByGroup() took 0 ms.
[2025-07-10 00:03:36] [INFO] Utils - [Utils] MethodGroupsHelper.sortMethods() took 0 ms.
[2025-07-10 00:03:36] [INFO] Utils - [Utils] MethodGroupsHelper.collectMethodsByGroup() took 0 ms.
[2025-07-10 00:03:36] [INFO] Utils - [Utils] MethodGroupsHelper.sortMethods() took 0 ms.
[2025-07-10 00:03:36] [INFO] Utils - [Utils] MethodGroupsHelper.collectMethodsByGroup() took 0 ms.
[2025-07-10 00:03:36] [INFO] Utils - [Utils] MethodGroupsHelper.sortMethods() took 0 ms.
[2025-07-10 00:03:36] [INFO] Utils - [Utils] MethodGroupsHelper.collectMethodsByGroup() took 3 ms.
[2025-07-10 00:03:36] [INFO] Utils - [Utils] MethodGroupsHelper.sortMethods() took 14 ms.
[2025-07-10 00:03:36] [INFO] Utils - [Utils] MethodGroupsHelper.collectMethodsByGroup() took 0 ms.
[2025-07-10 00:03:36] [INFO] Utils - [Utils] MethodGroupsHelper.sortMethods() took 0 ms.
[2025-07-10 00:03:36] [INFO] Utils - [Utils] MethodGroupsHelper.collectMethodsByGroup() took 0 ms.
[2025-07-10 00:03:36] [INFO] Utils - [Utils] MethodGroupsHelper.sortMethods() took 0 ms.
[2025-07-10 00:03:36] [INFO] Utils - [Utils] MethodGroupsHelper.collectMethodsByGroup() took 0 ms.
[2025-07-10 00:03:36] [INFO] Utils - [Utils] MethodGroupsHelper.sortMethods() took 0 ms.
[2025-07-10 00:03:36] [INFO] Utils - [Utils] MethodGroupsHelper.collectMethodsByGroup() took 0 ms.
[2025-07-10 00:03:36] [INFO] Utils - [Utils] MethodGroupsHelper.sortMethods() took 0 ms.
[2025-07-10 00:03:36] [INFO] Utils - [Utils] MethodGroupsHelper.collectMethodsByGroup() took 0 ms.
[2025-07-10 00:03:36] [INFO] Utils - [Utils] MethodGroupsHelper.sortMethods() took 0 ms.
[2025-07-10 00:03:36] [INFO] Utils - [Utils] MethodGroupsHelper.collectMethodsByGroup() took 0 ms.
[2025-07-10 00:03:36] [INFO] Utils - [Utils] MethodGroupsHelper.sortMethods() took 0 ms.
[2025-07-10 00:03:36] [INFO] Utils - [Utils] MethodGroupsHelper.collectMethodsByGroup() took 0 ms.
[2025-07-10 00:03:36] [INFO] Utils - [Utils] MethodGroupsHelper.sortMethods() took 0 ms.
[2025-07-10 00:03:36] [INFO] Utils - [Utils] MethodGroupsHelper.collectMethodsByGroup() took 1 ms.
[2025-07-10 00:03:36] [INFO] Utils - [Utils] MethodGroupsHelper.sortMethods() took 11 ms.
[2025-07-10 00:03:36] [INFO] Utils - [Utils] MethodGroupsHelper.collectMethodsByGroup() took 0 ms.
[2025-07-10 00:03:36] [INFO] Utils - [Utils] MethodGroupsHelper.sortMethods() took 0 ms.
[2025-07-10 00:03:36] [INFO] Utils - [Utils] MethodGroupsHelper.collectMethodsByGroup() took 0 ms.
[2025-07-10 00:03:36] [INFO] Utils - [Utils] MethodGroupsHelper.sortMethods() took 0 ms.
[2025-07-10 00:03:36] [INFO] Utils - [TestNG] Running:
  C:\Users\Sumit\AppData\Local\Temp\testng-eclipse--2035422501\testng-customsuite.xml

[2025-07-10 00:03:36] [INFO] Utils - [Utils] DynamicGraphHelper.createDynamicGraph() took 3 ms.
[2025-07-10 00:03:36] [INFO] UserPostTests - ===== Test Setup Complete =====
[2025-07-10 00:03:36] [INFO] UserPostTests - ********** Creating user with valid details  ***********
[2025-07-10 00:03:40] [INFO] UserPostTests - ********** user is created  ***********
[2025-07-10 00:03:40] [INFO] UserPostTests - ********** Creating user with duplicate email ***********
[2025-07-10 00:03:41] [INFO] UserPostTests - ********** Duplicate email creation test passed ***********
[2025-07-10 00:03:41] [INFO] UserPostTests - ********** Creating user with missing fields ***********
[2025-07-10 00:03:42] [INFO] UserPostTests - ********** Missing field creation test passed ***********
[2025-07-10 00:03:42] [INFO] UserPostTests - ********** Creating user with invalid email ***********
[2025-07-10 00:03:43] [INFO] UserPostTests - ********** Missing field creation test passed ***********
[2025-07-10 00:03:43] [INFO] UserPostTests - ********** Attempting to create user without auth token ***********
[2025-07-10 00:03:44] [INFO] UserPostTests - ********** Authorization check without token passed ***********
[2025-07-10 00:03:44] [INFO] UserPostTests - ******* Reading user info *********
[2025-07-10 00:03:45] [INFO] UserPostTests - ******* User info is displayed *********
[2025-07-10 00:03:45] [INFO] UserPostTests - ********** Trying to get user with invalid/non-existent ID ***********
[2025-07-10 00:03:46] [INFO] UserPostTests - ********** Non-existent user fetch test passed ***********
[2025-07-10 00:03:46] [INFO] UserPostTests - ********** Trying to get user with invalid ID format ***********
[2025-07-10 00:03:46] [INFO] UserPostTests - ********** Invalid ID format fetch test passed ***********
[2025-07-10 00:03:46] [INFO] UserPostTests - ********** Updating user name and status ***********
[2025-07-10 00:03:47] [INFO] UserPostTests - ********** User name and status update test passed ***********
[2025-07-10 00:03:47] [INFO] Utils - [TestNG] Time taken by org.testng.reporters.jq.Main@3adeca1f: 64 ms
[2025-07-10 00:03:47] [INFO] Utils - [TestNG] Time taken by org.testng.reporters.FailedReporter@2d41bb5a: 1 ms
[2025-07-10 00:03:47] [INFO] Utils - [TestNG] Time taken by org.testng.reporters.XMLReporter@19855799: 9 ms
[2025-07-10 00:03:47] [INFO] Utils - [TestNG] Time taken by org.testng.reporters.EmailableReporter2@43efe064: 4 ms
[2025-07-10 00:03:47] [INFO] Utils - [TestNG] Time taken by org.testng.reporters.JUnitReportReporter@54c37dab: 5 ms
[2025-07-10 00:03:47] [INFO] Utils - [TestNG] Time taken by org.testng.internal.ExitCodeListener@49005dc4: 0 ms
