[2025-07-10 19:12:26] [INFO] Utils - [TestNG] Running:
  C:\Users\Sumit\eclipse-workspace\ReqresAPIAutomation\testng.xml

[2025-07-10 19:12:27] [INFO] UserCreateTests - ==== Creating user before all tests ====
[2025-07-10 19:12:33] [INFO] UserCreateTests - ==== User created successfully with ID: 7997467 ====
[2025-07-10 19:12:33] [INFO] UserCreateTests - ********** Creating user with valid details ***********
[2025-07-10 19:12:35] [INFO] UserCreateTests - ********** Creating user with duplicate email ***********
[2025-07-10 19:12:35] [INFO] UserCreateTests - ********** Duplicate email creation test passed ***********
[2025-07-10 19:12:35] [INFO] UserCreateTests - ********** Creating user with missing fields ***********
[2025-07-10 19:12:36] [INFO] UserCreateTests - ********** Missing field creation test passed ***********
[2025-07-10 19:12:36] [INFO] UserCreateTests - ********** Creating user with invalid email ***********
[2025-07-10 19:12:37] [INFO] UserCreateTests - ********** Missing field creation test passed ***********
[2025-07-10 19:12:37] [INFO] UserCreateTests - ********** Attempting to create user without auth token ***********
[2025-07-10 19:12:38] [INFO] UserCreateTests - ********** Authorization check without token passed ***********
[2025-07-10 19:12:38] [INFO] UserCreateTests - ********** Creating user with a very long name (>255 chars) ***********
[2025-07-10 19:12:39] [INFO] UserCreateTests - ********** Long name validation test passed ***********
[2025-07-10 19:12:39] [INFO] UserReadTests - ******* Reading user info *********
[2025-07-10 19:12:40] [INFO] UserReadTests - ******* User info is displayed *********
[2025-07-10 19:12:40] [INFO] UserReadTests - ********** Trying to get user with invalid/non-existent ID ***********
[2025-07-10 19:12:41] [INFO] UserReadTests - ********** Non-existent user fetch test passed ***********
[2025-07-10 19:12:41] [INFO] UserReadTests - ********** Trying to get user with invalid ID format ***********
[2025-07-10 19:12:42] [INFO] UserReadTests - ********** Invalid ID format fetch test passed ***********
[2025-07-10 19:12:42] [INFO] UserCreateTests - ********** Updating user name and status ***********
[2025-07-10 19:12:42] [INFO] UserCreateTests - ********** User name and status update test passed ***********
[2025-07-10 19:12:42] [INFO] UserCreateTests - ********** Trying to update user with invalid ID ***********
[2025-07-10 19:12:43] [INFO] UserCreateTests - ********** Update with invalid ID test passed ***********
[2025-07-10 19:12:43] [INFO] UserCreateTests - ********** Deleting user with valid ID ***********
[2025-07-10 19:12:44] [INFO] UserCreateTests - ********** User deleted successfully ***********
[2025-07-10 19:12:44] [INFO] UserCreateTests - ********** Trying to delete an already deleted user ***********
[2025-07-10 19:12:45] [INFO] UserCreateTests - ********** Delete already deleted user test passed ***********
[2025-07-10 19:12:45] [INFO] UserCreateTests - ********** Trying to delete user with invalid ID ***********
[2025-07-10 19:12:45] [INFO] UserCreateTests - ********** Delete user with invalid ID test passed ***********
