[2025-07-09 23:48:29] [INFO] Utils - [Utils] MethodGroupsHelper.collectMethodsByGroup() took 1 ms.
[2025-07-09 23:48:29] [INFO] Utils - [Utils] MethodGroupsHelper.sortMethods() took 1 ms.
[2025-07-09 23:48:29] [INFO] Utils - [Utils] MethodGroupsHelper.collectMethodsByGroup() took 0 ms.
[2025-07-09 23:48:29] [INFO] Utils - [Utils] MethodGroupsHelper.sortMethods() took 0 ms.
[2025-07-09 23:48:29] [INFO] Utils - [Utils] MethodGroupsHelper.collectMethodsByGroup() took 0 ms.
[2025-07-09 23:48:29] [INFO] Utils - [Utils] MethodGroupsHelper.sortMethods() took 0 ms.
[2025-07-09 23:48:29] [INFO] Utils - [Utils] MethodGroupsHelper.collectMethodsByGroup() took 0 ms.
[2025-07-09 23:48:29] [INFO] Utils - [Utils] MethodGroupsHelper.sortMethods() took 0 ms.
[2025-07-09 23:48:29] [INFO] Utils - [Utils] MethodGroupsHelper.collectMethodsByGroup() took 2 ms.
[2025-07-09 23:48:29] [INFO] Utils - [Utils] MethodGroupsHelper.sortMethods() took 11 ms.
[2025-07-09 23:48:29] [INFO] Utils - [Utils] MethodGroupsHelper.collectMethodsByGroup() took 0 ms.
[2025-07-09 23:48:29] [INFO] Utils - [Utils] MethodGroupsHelper.sortMethods() took 0 ms.
[2025-07-09 23:48:29] [INFO] Utils - [Utils] MethodGroupsHelper.collectMethodsByGroup() took 0 ms.
[2025-07-09 23:48:29] [INFO] Utils - [Utils] MethodGroupsHelper.sortMethods() took 0 ms.
[2025-07-09 23:48:29] [INFO] Utils - [Utils] MethodGroupsHelper.collectMethodsByGroup() took 0 ms.
[2025-07-09 23:48:29] [INFO] Utils - [Utils] MethodGroupsHelper.sortMethods() took 0 ms.
[2025-07-09 23:48:29] [INFO] Utils - [Utils] MethodGroupsHelper.collectMethodsByGroup() took 0 ms.
[2025-07-09 23:48:29] [INFO] Utils - [Utils] MethodGroupsHelper.sortMethods() took 0 ms.
[2025-07-09 23:48:29] [INFO] Utils - [Utils] MethodGroupsHelper.collectMethodsByGroup() took 0 ms.
[2025-07-09 23:48:29] [INFO] Utils - [Utils] MethodGroupsHelper.sortMethods() took 0 ms.
[2025-07-09 23:48:29] [INFO] Utils - [Utils] MethodGroupsHelper.collectMethodsByGroup() took 0 ms.
[2025-07-09 23:48:29] [INFO] Utils - [Utils] MethodGroupsHelper.sortMethods() took 0 ms.
[2025-07-09 23:48:29] [INFO] Utils - [Utils] MethodGroupsHelper.collectMethodsByGroup() took 0 ms.
[2025-07-09 23:48:29] [INFO] Utils - [Utils] MethodGroupsHelper.sortMethods() took 0 ms.
[2025-07-09 23:48:29] [INFO] Utils - [Utils] MethodGroupsHelper.collectMethodsByGroup() took 0 ms.
[2025-07-09 23:48:29] [INFO] Utils - [Utils] MethodGroupsHelper.sortMethods() took 9 ms.
[2025-07-09 23:48:29] [INFO] Utils - [Utils] MethodGroupsHelper.collectMethodsByGroup() took 0 ms.
[2025-07-09 23:48:29] [INFO] Utils - [Utils] MethodGroupsHelper.sortMethods() took 0 ms.
[2025-07-09 23:48:29] [INFO] Utils - [Utils] MethodGroupsHelper.collectMethodsByGroup() took 0 ms.
[2025-07-09 23:48:29] [INFO] Utils - [Utils] MethodGroupsHelper.sortMethods() took 0 ms.
[2025-07-09 23:48:29] [INFO] Utils - [TestNG] Running:
  C:\Users\Sumit\AppData\Local\Temp\testng-eclipse--436521564\testng-customsuite.xml

[2025-07-09 23:48:29] [INFO] Utils - [Utils] DynamicGraphHelper.createDynamicGraph() took 6 ms.
[2025-07-09 23:48:29] [INFO] UserPostTests - ===== Test Setup Complete =====
[2025-07-09 23:48:29] [INFO] UserPostTests - ********** Creating user with valid details  ***********
[2025-07-09 23:48:33] [INFO] UserPostTests - ********** user is created  ***********
[2025-07-09 23:48:34] [INFO] UserPostTests - ********** Creating user with duplicate email ***********
[2025-07-09 23:48:35] [INFO] UserPostTests - ********** Duplicate email creation test passed ***********
[2025-07-09 23:48:35] [INFO] UserPostTests - ********** Creating user with missing fields ***********
[2025-07-09 23:48:36] [INFO] UserPostTests - ********** Missing field creation test passed ***********
[2025-07-09 23:48:36] [INFO] UserPostTests - ********** Creating user with invalid email ***********
[2025-07-09 23:48:37] [INFO] UserPostTests - ********** Missing field creation test passed ***********
[2025-07-09 23:48:37] [INFO] UserPostTests - ********** Attempting to create user without auth token ***********
[2025-07-09 23:48:38] [INFO] UserPostTests - ********** Authorization check without token passed ***********
[2025-07-09 23:48:38] [INFO] UserPostTests - ******* Reading user info *********
[2025-07-09 23:48:39] [INFO] UserPostTests - ******* User info is displayed *********
[2025-07-09 23:48:39] [INFO] UserPostTests - ********** Trying to get user with invalid/non-existent ID ***********
[2025-07-09 23:48:40] [INFO] UserPostTests - ********** Non-existent user fetch test passed ***********
[2025-07-09 23:48:40] [INFO] Utils - [TestNG] Time taken by org.testng.reporters.jq.Main@3462e99a: 76 ms
[2025-07-09 23:48:40] [INFO] Utils - [TestNG] Time taken by org.testng.reporters.FailedReporter@7320750c: 1 ms
[2025-07-09 23:48:40] [INFO] Utils - [TestNG] Time taken by org.testng.reporters.XMLReporter@32245b66: 12 ms
[2025-07-09 23:48:40] [INFO] Utils - [TestNG] Time taken by org.testng.reporters.EmailableReporter2@64e3bc2: 8 ms
[2025-07-09 23:48:40] [INFO] Utils - [TestNG] Time taken by org.testng.reporters.JUnitReportReporter@4511146f: 7 ms
[2025-07-09 23:48:40] [INFO] Utils - [TestNG] Time taken by org.testng.internal.ExitCodeListener@5c16561a: 0 ms
