[2025-07-09 22:26:28] [INFO] Utils - [Utils] MethodGroupsHelper.collectMethodsByGroup() took 1 ms.
[2025-07-09 22:26:28] [INFO] Utils - [Utils] MethodGroupsHelper.sortMethods() took 2 ms.
[2025-07-09 22:26:28] [INFO] Utils - [Utils] MethodGroupsHelper.collectMethodsByGroup() took 0 ms.
[2025-07-09 22:26:28] [INFO] Utils - [Utils] MethodGroupsHelper.sortMethods() took 0 ms.
[2025-07-09 22:26:28] [INFO] Utils - [Utils] MethodGroupsHelper.collectMethodsByGroup() took 0 ms.
[2025-07-09 22:26:28] [INFO] Utils - [Utils] MethodGroupsHelper.sortMethods() took 0 ms.
[2025-07-09 22:26:28] [INFO] Utils - [Utils] MethodGroupsHelper.collectMethodsByGroup() took 0 ms.
[2025-07-09 22:26:28] [INFO] Utils - [Utils] MethodGroupsHelper.sortMethods() took 0 ms.
[2025-07-09 22:26:28] [INFO] Utils - [Utils] MethodGroupsHelper.collectMethodsByGroup() took 2 ms.
[2025-07-09 22:26:28] [INFO] Utils - [Utils] MethodGroupsHelper.sortMethods() took 9 ms.
[2025-07-09 22:26:28] [INFO] Utils - [Utils] MethodGroupsHelper.collectMethodsByGroup() took 0 ms.
[2025-07-09 22:26:28] [INFO] Utils - [Utils] MethodGroupsHelper.sortMethods() took 0 ms.
[2025-07-09 22:26:28] [INFO] Utils - [Utils] MethodGroupsHelper.collectMethodsByGroup() took 0 ms.
[2025-07-09 22:26:28] [INFO] Utils - [Utils] MethodGroupsHelper.sortMethods() took 0 ms.
[2025-07-09 22:26:28] [INFO] Utils - [Utils] MethodGroupsHelper.collectMethodsByGroup() took 0 ms.
[2025-07-09 22:26:28] [INFO] Utils - [Utils] MethodGroupsHelper.sortMethods() took 0 ms.
[2025-07-09 22:26:28] [INFO] Utils - [Utils] MethodGroupsHelper.collectMethodsByGroup() took 0 ms.
[2025-07-09 22:26:28] [INFO] Utils - [Utils] MethodGroupsHelper.sortMethods() took 0 ms.
[2025-07-09 22:26:28] [INFO] Utils - [Utils] MethodGroupsHelper.collectMethodsByGroup() took 0 ms.
[2025-07-09 22:26:28] [INFO] Utils - [Utils] MethodGroupsHelper.sortMethods() took 0 ms.
[2025-07-09 22:26:28] [INFO] Utils - [Utils] MethodGroupsHelper.collectMethodsByGroup() took 0 ms.
[2025-07-09 22:26:28] [INFO] Utils - [Utils] MethodGroupsHelper.sortMethods() took 0 ms.
[2025-07-09 22:26:28] [INFO] Utils - [Utils] MethodGroupsHelper.collectMethodsByGroup() took 0 ms.
[2025-07-09 22:26:28] [INFO] Utils - [Utils] MethodGroupsHelper.sortMethods() took 0 ms.
[2025-07-09 22:26:28] [INFO] Utils - [Utils] MethodGroupsHelper.collectMethodsByGroup() took 1 ms.
[2025-07-09 22:26:28] [INFO] Utils - [Utils] MethodGroupsHelper.sortMethods() took 4 ms.
[2025-07-09 22:26:28] [INFO] Utils - [Utils] MethodGroupsHelper.collectMethodsByGroup() took 0 ms.
[2025-07-09 22:26:28] [INFO] Utils - [Utils] MethodGroupsHelper.sortMethods() took 0 ms.
[2025-07-09 22:26:28] [INFO] Utils - [Utils] MethodGroupsHelper.collectMethodsByGroup() took 0 ms.
[2025-07-09 22:26:28] [INFO] Utils - [Utils] MethodGroupsHelper.sortMethods() took 0 ms.
[2025-07-09 22:26:28] [INFO] Utils - [TestNG] Running:
  C:\Users\Sumit\AppData\Local\Temp\testng-eclipse--735106895\testng-customsuite.xml

[2025-07-09 22:26:28] [INFO] Utils - [Utils] DynamicGraphHelper.createDynamicGraph() took 4 ms.
[2025-07-09 22:26:29] [INFO] UserPostTests - ===== Test Setup Complete =====
[2025-07-09 22:26:29] [INFO] UserPostTests - ********** Creating user with valid details  ***********
[2025-07-09 22:26:32] [INFO] UserPostTests - ********** user is created  ***********
[2025-07-09 22:26:32] [INFO] UserPostTests - ********** Creating user with duplicate email ***********
[2025-07-09 22:26:33] [INFO] UserPostTests - ********** Duplicate email creation test passed ***********
[2025-07-09 22:26:33] [INFO] UserPostTests - ********** Creating user with missing fields ***********
[2025-07-09 22:26:34] [INFO] UserPostTests - ********** Missing field creation test passed ***********
[2025-07-09 22:26:34] [INFO] UserPostTests - ********** Creating user with invalid email ***********
[2025-07-09 22:26:35] [INFO] UserPostTests - ********** Missing field creation test passed ***********
[2025-07-09 22:26:35] [INFO] Utils - [TestNG] Time taken by org.testng.reporters.jq.Main@2c1a95a2: 76 ms
[2025-07-09 22:26:35] [INFO] Utils - [TestNG] Time taken by org.testng.reporters.FailedReporter@72b53f27: 1 ms
[2025-07-09 22:26:35] [INFO] Utils - [TestNG] Time taken by org.testng.reporters.XMLReporter@dbcf7c3: 12 ms
[2025-07-09 22:26:35] [INFO] Utils - [TestNG] Time taken by org.testng.reporters.EmailableReporter2@1764e45e: 7 ms
[2025-07-09 22:26:35] [INFO] Utils - [TestNG] Time taken by org.testng.reporters.JUnitReportReporter@50008974: 6 ms
[2025-07-09 22:26:35] [INFO] Utils - [TestNG] Time taken by org.testng.internal.ExitCodeListener@5274830e: 0 ms
