[2025-07-09 22:16:04] [INFO] Utils - [Utils] MethodGroupsHelper.collectMethodsByGroup() took 0 ms.
[2025-07-09 22:16:04] [INFO] Utils - [Utils] MethodGroupsHelper.sortMethods() took 1 ms.
[2025-07-09 22:16:04] [INFO] Utils - [Utils] MethodGroupsHelper.collectMethodsByGroup() took 0 ms.
[2025-07-09 22:16:04] [INFO] Utils - [Utils] MethodGroupsHelper.sortMethods() took 0 ms.
[2025-07-09 22:16:04] [INFO] Utils - [Utils] MethodGroupsHelper.collectMethodsByGroup() took 0 ms.
[2025-07-09 22:16:04] [INFO] Utils - [Utils] MethodGroupsHelper.sortMethods() took 0 ms.
[2025-07-09 22:16:04] [INFO] Utils - [Utils] MethodGroupsHelper.collectMethodsByGroup() took 0 ms.
[2025-07-09 22:16:04] [INFO] Utils - [Utils] MethodGroupsHelper.sortMethods() took 0 ms.
[2025-07-09 22:16:04] [INFO] Utils - [Utils] MethodGroupsHelper.collectMethodsByGroup() took 3 ms.
[2025-07-09 22:16:04] [INFO] Utils - [Utils] MethodGroupsHelper.sortMethods() took 9 ms.
[2025-07-09 22:16:04] [INFO] Utils - [Utils] MethodGroupsHelper.collectMethodsByGroup() took 0 ms.
[2025-07-09 22:16:04] [INFO] Utils - [Utils] MethodGroupsHelper.sortMethods() took 0 ms.
[2025-07-09 22:16:04] [INFO] Utils - [Utils] MethodGroupsHelper.collectMethodsByGroup() took 0 ms.
[2025-07-09 22:16:04] [INFO] Utils - [Utils] MethodGroupsHelper.sortMethods() took 0 ms.
[2025-07-09 22:16:04] [INFO] Utils - [Utils] MethodGroupsHelper.collectMethodsByGroup() took 0 ms.
[2025-07-09 22:16:04] [INFO] Utils - [Utils] MethodGroupsHelper.sortMethods() took 0 ms.
[2025-07-09 22:16:04] [INFO] Utils - [Utils] MethodGroupsHelper.collectMethodsByGroup() took 0 ms.
[2025-07-09 22:16:04] [INFO] Utils - [Utils] MethodGroupsHelper.sortMethods() took 0 ms.
[2025-07-09 22:16:04] [INFO] Utils - [Utils] MethodGroupsHelper.collectMethodsByGroup() took 0 ms.
[2025-07-09 22:16:04] [INFO] Utils - [Utils] MethodGroupsHelper.sortMethods() took 0 ms.
[2025-07-09 22:16:04] [INFO] Utils - [Utils] MethodGroupsHelper.collectMethodsByGroup() took 0 ms.
[2025-07-09 22:16:04] [INFO] Utils - [Utils] MethodGroupsHelper.sortMethods() took 0 ms.
[2025-07-09 22:16:04] [INFO] Utils - [Utils] MethodGroupsHelper.collectMethodsByGroup() took 0 ms.
[2025-07-09 22:16:04] [INFO] Utils - [Utils] MethodGroupsHelper.sortMethods() took 0 ms.
[2025-07-09 22:16:04] [INFO] Utils - [Utils] MethodGroupsHelper.collectMethodsByGroup() took 0 ms.
[2025-07-09 22:16:04] [INFO] Utils - [Utils] MethodGroupsHelper.sortMethods() took 4 ms.
[2025-07-09 22:16:04] [INFO] Utils - [Utils] MethodGroupsHelper.collectMethodsByGroup() took 0 ms.
[2025-07-09 22:16:04] [INFO] Utils - [Utils] MethodGroupsHelper.sortMethods() took 0 ms.
[2025-07-09 22:16:04] [INFO] Utils - [Utils] MethodGroupsHelper.collectMethodsByGroup() took 0 ms.
[2025-07-09 22:16:04] [INFO] Utils - [Utils] MethodGroupsHelper.sortMethods() took 0 ms.
[2025-07-09 22:16:04] [INFO] Utils - [TestNG] Running:
  C:\Users\Sumit\AppData\Local\Temp\testng-eclipse--1246727698\testng-customsuite.xml

[2025-07-09 22:16:04] [INFO] Utils - [Utils] DynamicGraphHelper.createDynamicGraph() took 5 ms.
[2025-07-09 22:16:05] [INFO] UserPostTests - ===== Test Setup Complete =====
[2025-07-09 22:16:05] [INFO] UserPostTests - ********** Creating user with valid details  ***********
[2025-07-09 22:16:08] [INFO] UserPostTests - ********** user is created  ***********
[2025-07-09 22:16:09] [INFO] UserPostTests - ********** Creating user with duplicate email ***********
[2025-07-09 22:16:09] [INFO] UserPostTests - ********** Duplicate email creation test passed ***********
[2025-07-09 22:16:10] [INFO] Utils - [TestNG] Time taken by org.testng.reporters.jq.Main@16c8e9b8: 107 ms
[2025-07-09 22:16:10] [INFO] Utils - [TestNG] Time taken by org.testng.reporters.FailedReporter@27d6267e: 1 ms
[2025-07-09 22:16:10] [INFO] Utils - [TestNG] Time taken by org.testng.reporters.XMLReporter@4fc71437: 12 ms
[2025-07-09 22:16:10] [INFO] Utils - [TestNG] Time taken by org.testng.reporters.EmailableReporter2@96075c0: 7 ms
[2025-07-09 22:16:10] [INFO] Utils - [TestNG] Time taken by org.testng.reporters.JUnitReportReporter@147059f8: 6 ms
[2025-07-09 22:16:10] [INFO] Utils - [TestNG] Time taken by org.testng.internal.ExitCodeListener@744fb110: 1 ms
